<?xml version="1.0" encoding="UTF-8"?>
<!-- Generated by org.testng.reporters.JUnitReportReporter -->
<testsuite skipped="0" hostname="DESKTOP-59Q06A3" name="Tests.TC001" tests="1" failures="0" timestamp="2021-04-01T20:05:01 IST" time="51.612" errors="0">
  <testcase name="tc001" time="51.612" classname="Tests.TC001"/>
  <system-out/>
</testsuite> <!-- Tests.TC001 -->
