<?xml version="1.0" encoding="UTF-8"?>
<!-- Generated by org.testng.reporters.JUnitReportReporter -->
<testsuite hostname="DESKTOP-59Q06A3" failures="0" tests="1" name="Test001" time="0.013" errors="0" timestamp="2020-03-29T21:30:33 IST" skipped="0">
  <testcase classname="Test001" name="test01" time="0.013"/>
  <system-out/>
</testsuite> <!-- Test001 -->
